{
  "stats": {
    "suites": 2,
    "tests": 7,
    "passes": 7,
    "pending": 0,
    "failures": 0,
    "start": "2023-12-14T14:10:41.622Z",
    "end": "2023-12-14T14:19:38.180Z",
    "duration": 536558,
    "testsRegistered": 7,
    "passPercent": 100,
    "pendingPercent": 0,
    "other": 0,
    "hasOther": false,
    "skipped": 0,
    "hasSkipped": false
  },
  "results": [
    {
      "uuid": "0afd77e2-c9f8-48fd-a362-9228fce95fe5",
      "title": "",
      "fullFile": "",
      "file": "",
      "beforeHooks": [],
      "afterHooks": [],
      "tests": [],
      "suites": [
        {
          "uuid": "32ed1603-ea98-4b3d-b269-b4ca52c4c1ee",
          "title": "Login",
          "fullFile": "C:\\Users\\RodrigoTeodoro\\Documents\\Automation\\features\\basic.feature",
          "file": "\\features\\basic.feature",
          "beforeHooks": [
            {
              "title": "\"before all\" hook: codeceptjs.beforeSuite in \"Login\"",
              "fullTitle": "Login \"before all\" hook: codeceptjs.beforeSuite in \"Login\"",
              "timedOut": false,
              "duration": 3,
              "state": null,
              "speed": null,
              "pass": false,
              "fail": false,
              "pending": false,
              "context": null,
              "code": "scenario.suiteSetup(suite)",
              "err": {},
              "uuid": "ecefce8f-b94b-469e-8807-ce21e2341fc8",
              "parentUUID": "32ed1603-ea98-4b3d-b269-b4ca52c4c1ee",
              "isHook": true,
              "skipped": false
            },
            {
              "title": "\"before each\" hook: codeceptjs.before in \"Login\"",
              "fullTitle": "Login \"before each\" hook: codeceptjs.before in \"Login\"",
              "timedOut": false,
              "duration": 11434,
              "state": null,
              "speed": null,
              "pass": false,
              "fail": false,
              "pending": false,
              "context": null,
              "code": "scenario.setup(suite)",
              "err": {},
              "uuid": "9e55b3b4-2205-4a15-8ca3-131d3a3eaa1d",
              "parentUUID": "32ed1603-ea98-4b3d-b269-b4ca52c4c1ee",
              "isHook": true,
              "skipped": false
            }
          ],
          "afterHooks": [
            {
              "title": "\"after all\" hook: codeceptjs.afterSuite in \"Login\"",
              "fullTitle": "Login \"after all\" hook: codeceptjs.afterSuite in \"Login\"",
              "timedOut": false,
              "duration": 1,
              "state": null,
              "speed": null,
              "pass": false,
              "fail": false,
              "pending": false,
              "context": null,
              "code": "scenario.suiteTeardown(suite)",
              "err": {},
              "uuid": "07c3b60b-ca94-405c-b1dc-bd3fde1545a3",
              "parentUUID": "32ed1603-ea98-4b3d-b269-b4ca52c4c1ee",
              "isHook": true,
              "skipped": false
            },
            {
              "title": "\"after each\" hook: codeceptjs.after in \"Login\"",
              "fullTitle": "Login \"after each\" hook: codeceptjs.after in \"Login\"",
              "timedOut": false,
              "duration": 767,
              "state": null,
              "speed": null,
              "pass": false,
              "fail": false,
              "pending": false,
              "context": null,
              "code": "scenario.teardown(suite)",
              "err": {},
              "uuid": "0880b8ed-1dcc-4747-b201-535b28d011e3",
              "parentUUID": "32ed1603-ea98-4b3d-b269-b4ca52c4c1ee",
              "isHook": true,
              "skipped": false
            }
          ],
          "tests": [
            {
              "title": "Login with success",
              "fullTitle": "Login Login with success",
              "timedOut": false,
              "duration": 38956,
              "state": "passed",
              "speed": "slow",
              "pass": true,
              "fail": false,
              "pending": false,
              "context": null,
              "code": "runSteps(child.scenario.steps)",
              "err": {},
              "uuid": "430bfa36-ea18-4bde-8f8c-3433d5b64caf",
              "parentUUID": "32ed1603-ea98-4b3d-b269-b4ca52c4c1ee",
              "isHook": false,
              "skipped": false
            }
          ],
          "suites": [],
          "passes": [
            "430bfa36-ea18-4bde-8f8c-3433d5b64caf"
          ],
          "failures": [],
          "pending": [],
          "skipped": [],
          "duration": 38956,
          "root": false,
          "rootEmpty": false,
          "_timeout": 0
        },
        {
          "uuid": "d7a908a0-6cd1-4dec-bb39-bee7f6b338d8",
          "title": "Log Management",
          "fullFile": "C:\\Users\\RodrigoTeodoro\\Documents\\Automation\\steps\\login_test.js",
          "file": "\\steps\\login_test.js",
          "beforeHooks": [
            {
              "title": "\"before all\" hook: codeceptjs.beforeSuite in \"Log Management\"",
              "fullTitle": "Log Management \"before all\" hook: codeceptjs.beforeSuite in \"Log Management\"",
              "timedOut": false,
              "duration": 0,
              "state": null,
              "speed": null,
              "pass": false,
              "fail": false,
              "pending": false,
              "context": null,
              "code": "scenario.suiteSetup(suite)",
              "err": {},
              "uuid": "57177896-af26-4949-99c3-4864fb0900d5",
              "parentUUID": "d7a908a0-6cd1-4dec-bb39-bee7f6b338d8",
              "isHook": true,
              "skipped": false
            },
            {
              "title": "\"before each\" hook: codeceptjs.before in \"Log Management\"",
              "fullTitle": "Log Management \"before each\" hook: codeceptjs.before in \"Log Management\"",
              "timedOut": false,
              "duration": 9444,
              "state": null,
              "speed": null,
              "pass": false,
              "fail": false,
              "pending": false,
              "context": null,
              "code": "scenario.setup(suite)",
              "err": {},
              "uuid": "c8a01359-db8e-412c-99f9-029c929c0c1b",
              "parentUUID": "d7a908a0-6cd1-4dec-bb39-bee7f6b338d8",
              "isHook": true,
              "skipped": false
            }
          ],
          "afterHooks": [
            {
              "title": "\"after all\" hook: codeceptjs.afterSuite in \"Log Management\"",
              "fullTitle": "Log Management \"after all\" hook: codeceptjs.afterSuite in \"Log Management\"",
              "timedOut": false,
              "duration": 1,
              "state": null,
              "speed": null,
              "pass": false,
              "fail": false,
              "pending": false,
              "context": null,
              "code": "scenario.suiteTeardown(suite)",
              "err": {},
              "uuid": "897a12c6-7b8e-4378-bc5f-218a6eeaebc6",
              "parentUUID": "d7a908a0-6cd1-4dec-bb39-bee7f6b338d8",
              "isHook": true,
              "skipped": false
            },
            {
              "title": "\"after each\" hook: finalize codeceptjs in \"Log Management\"",
              "fullTitle": "Log Management \"after each\" hook: finalize codeceptjs in \"Log Management\"",
              "timedOut": false,
              "duration": 683,
              "state": null,
              "speed": null,
              "pass": false,
              "fail": false,
              "pending": false,
              "context": null,
              "code": "scenario.teardown(suite)",
              "err": {},
              "uuid": "117f2f2d-1f16-47bc-bd5c-0823c8327e13",
              "parentUUID": "d7a908a0-6cd1-4dec-bb39-bee7f6b338d8",
              "isHook": true,
              "skipped": false
            }
          ],
          "tests": [
            {
              "title": "Gatewood @ScaleTicket Gatewood",
              "fullTitle": "Log Management: Gatewood @ScaleTicket Gatewood",
              "timedOut": false,
              "duration": 72751,
              "state": "passed",
              "speed": "slow",
              "pass": true,
              "fail": false,
              "pending": false,
              "context": null,
              "code": "//var randomtag = logs.log\n    I.wait(5)\n    login_page.doLogin('devuser@elimbsdevel', 'devuser');\n    home_page.checkLogButton();\n    home_page.logManagementOptions();\n    gatewood.scaleTicketsGatewood();\n    //log_page.scaleTicketsPageThree();\n    gatewood.scaleTicketsPageFour();",
              "err": {},
              "uuid": "604754b5-7037-4e02-bb67-3094671a7e91",
              "parentUUID": "d7a908a0-6cd1-4dec-bb39-bee7f6b338d8",
              "isHook": false,
              "skipped": false
            },
            {
              "title": "Roadside @ScaleTicket Roadside",
              "fullTitle": "Log Management: Roadside @ScaleTicket Roadside",
              "timedOut": false,
              "duration": 70005,
              "state": "passed",
              "speed": "slow",
              "pass": true,
              "fail": false,
              "pending": false,
              "context": null,
              "code": "//var randomtag = logs.log\n    I.wait(5);\n    login_page.doLogin('devuser@elimbsdevel', 'devuser');\n    home_page.checkLogButton();\n    home_page.logManagementOptions();\n    roadside.RoadsideStepOne();\n    roadside.RoadsideStepFour();\n  //log_page.scaleTicketsPageThree();",
              "err": {},
              "uuid": "8753b094-37cb-48c3-be4d-cf790fbd5b73",
              "parentUUID": "d7a908a0-6cd1-4dec-bb39-bee7f6b338d8",
              "isHook": false,
              "skipped": false
            },
            {
              "title": "Sales @ScaleTicket Sales",
              "fullTitle": "Log Management: Sales @ScaleTicket Sales",
              "timedOut": false,
              "duration": 73114,
              "state": "passed",
              "speed": "slow",
              "pass": true,
              "fail": false,
              "pending": false,
              "context": null,
              "code": "//var randomtag = logs.log\n    I.wait(5);\n    login_page.doLogin('devuser@elimbsdevel', 'devuser');\n    home_page.checkLogButton();\n    home_page.logManagementOptions();\n    sales.SalesStepOne();\n    sales.SalesStepFour();\n  //log_page.scaleTicketsPageThree();",
              "err": {},
              "uuid": "15dd3a63-855a-4095-9324-2834a9479d35",
              "parentUUID": "d7a908a0-6cd1-4dec-bb39-bee7f6b338d8",
              "isHook": false,
              "skipped": false
            },
            {
              "title": "Receiving Tickets @Receiving",
              "fullTitle": "Log Management: Receiving Tickets @Receiving",
              "timedOut": false,
              "duration": 72948,
              "state": "passed",
              "speed": "slow",
              "pass": true,
              "fail": false,
              "pending": false,
              "context": null,
              "code": "//var randomtag = logs.log\n    I.wait(5);\n    login_page.doLogin('devuser@elimbsdevel', 'devuser');\n    home_page.checkLogButton();\n    home_page.logManagementOptions();\n    receiving.ReceivingStepOne();\n    //log_page.scaleTicketsPageThree();\n    receiving.ReceivingStepFour();",
              "err": {},
              "uuid": "c97741c4-2f76-4c88-bc13-5ff55aa4224d",
              "parentUUID": "d7a908a0-6cd1-4dec-bb39-bee7f6b338d8",
              "isHook": false,
              "skipped": false
            },
            {
              "title": "Transfer Tickets @Transfer",
              "fullTitle": "Log Management: Transfer Tickets @Transfer",
              "timedOut": false,
              "duration": 69255,
              "state": "passed",
              "speed": "slow",
              "pass": true,
              "fail": false,
              "pending": false,
              "context": null,
              "code": "//var randomtag = logs.log\n    I.wait(5);\n    login_page.doLogin('devuser@elimbsdevel', 'devuser');\n    home_page.checkLogButton();\n    home_page.logManagementOptions();\n    transfer.TransferStepOne();\n    //log_page.scaleTicketsPageThree();\n    transfer.TransferStepFour();",
              "err": {},
              "uuid": "6c212c6f-61d6-488c-8627-17cdc3000108",
              "parentUUID": "d7a908a0-6cd1-4dec-bb39-bee7f6b338d8",
              "isHook": false,
              "skipped": false
            },
            {
              "title": "Consumption @Consumption",
              "fullTitle": "Log Management: Consumption @Consumption",
              "timedOut": false,
              "duration": 65038,
              "state": "passed",
              "speed": "slow",
              "pass": true,
              "fail": false,
              "pending": false,
              "context": null,
              "code": "//var randomtag = logs.log\n    I.wait(5);\n    login_page.doLogin('devuser@elimbsdevel', 'devuser');\n    home_page.checkLogButton();\n    home_page.logManagementOptions();\n    consumption.ConsumptionStepOne();\n    consumption.ConsumptionStepTwo();",
              "err": {},
              "uuid": "af548c3f-b3ac-4a57-b9ed-a836e101d414",
              "parentUUID": "d7a908a0-6cd1-4dec-bb39-bee7f6b338d8",
              "isHook": false,
              "skipped": false
            }
          ],
          "suites": [],
          "passes": [
            "604754b5-7037-4e02-bb67-3094671a7e91",
            "8753b094-37cb-48c3-be4d-cf790fbd5b73",
            "15dd3a63-855a-4095-9324-2834a9479d35",
            "c97741c4-2f76-4c88-bc13-5ff55aa4224d",
            "6c212c6f-61d6-488c-8627-17cdc3000108",
            "af548c3f-b3ac-4a57-b9ed-a836e101d414"
          ],
          "failures": [],
          "pending": [],
          "skipped": [],
          "duration": 423111,
          "root": false,
          "rootEmpty": false,
          "_timeout": 0
        }
      ],
      "passes": [],
      "failures": [],
      "pending": [],
      "skipped": [],
      "duration": 0,
      "root": true,
      "rootEmpty": true,
      "_timeout": 0
    }
  ],
  "meta": {
    "mocha": {
      "version": "10.2.0"
    },
    "mochawesome": {
      "options": {
        "quiet": false,
        "reportFilename": "mochawesome",
        "saveHtml": true,
        "saveJson": true,
        "consoleReporter": "spec",
        "useInlineDiffs": false,
        "code": true
      },
      "version": "7.1.3"
    },
    "marge": {
      "options": {},
      "version": "6.2.0"
    }
  }
}